0:100  0:100  MemLog inited, TSC freq: 2904422170
0:100  0:000  CPU was calibrated with RTC
0:100  0:000  
0:100  0:000  Now is 15.01.2020,  16:59:49 (GMT)
0:100  0:000  Starting Clover revision: 5103 (master, commit 3f3b85da0) on American Megatrends EFI
0:100  0:000  Build with: [Args: -D NO_GRUB_DRIVERS_EMBEDDED -t GCC53 | -D NO_GRUB_DRIVERS_EMBEDDED --conf=/Users/sergey/src/CloverHackyColor/Conf -D USE_LOW_EBDA -a X64 -b RELEASE -t GCC53 -n 5 | OS: 10.14.6]
0:100  0:000  SelfDevicePath=PciRoot(0x0)\Pci(0x1D,0x0)\Pci(0x0,0x0)\NVMe(0x1,00-00-00-00-00-00-00-00)\HD(1,GPT,DBEE3943-51E5-4DD3-A127-5D8FC50477A6,0x800,0x96000) @75071F98
0:100  0:000  SelfDirPath = \EFI\CLOVER
0:100  0:000  SimpleTextEx Status=Success
0:100  0:000  === [ Get Smbios ] ========================================
0:100  0:000  Type 16 Index = 0
0:100  0:000  Total Memory Slots Count = 4
0:100  0:000  Type 17 Index = 0
0:100  0:000  Ignoring insane frequency value 0MHz
0:100  0:000  SmbiosTable.Type17->Speed = 0MHz
0:100  0:000  SmbiosTable.Type17->Size = 0MB
0:100  0:000  SmbiosTable.Type17->Bank/Device = BANK 0 ChannelA-DIMM0
0:100  0:000  SmbiosTable.Type17->Vendor = <null string>
0:100  0:000  SmbiosTable.Type17->SerialNumber = <null string>
0:100  0:000  SmbiosTable.Type17->PartNumber = <null string>
0:100  0:000  Type 17 Index = 1
0:100  0:000  SmbiosTable.Type17->Speed = 2667MHz
0:100  0:000  SmbiosTable.Type17->Size = 8192MB
0:100  0:000  SmbiosTable.Type17->Bank/Device = BANK 1 ChannelA-DIMM1
0:100  0:000  SmbiosTable.Type17->Vendor = 029E
0:100  0:000  SmbiosTable.Type17->SerialNumber = 00000000
0:100  0:000  SmbiosTable.Type17->PartNumber = CM4X8GF2666C16K2    
0:100  0:000  Type 17 Index = 2
0:100  0:000  Ignoring insane frequency value 0MHz
0:100  0:000  SmbiosTable.Type17->Speed = 0MHz
0:100  0:000  SmbiosTable.Type17->Size = 0MB
0:100  0:000  SmbiosTable.Type17->Bank/Device = BANK 2 ChannelB-DIMM0
0:100  0:000  SmbiosTable.Type17->Vendor = <null string>
0:100  0:000  SmbiosTable.Type17->SerialNumber = <null string>
0:100  0:000  SmbiosTable.Type17->PartNumber = <null string>
0:100  0:000  Type 17 Index = 3
0:100  0:000  SmbiosTable.Type17->Speed = 2667MHz
0:100  0:000  SmbiosTable.Type17->Size = 8192MB
0:100  0:000  SmbiosTable.Type17->Bank/Device = BANK 3 ChannelB-DIMM1
0:100  0:000  SmbiosTable.Type17->Vendor = 029E
0:100  0:000  SmbiosTable.Type17->SerialNumber = 00000000
0:100  0:000  SmbiosTable.Type17->PartNumber = CM4X8GF2666C16K2    
0:100  0:000  Boot status=0
0:100  0:000  Running on: 'MS-7B23' with board 'B360M MORTAR (MS-7B23)'
0:100  0:000  === [ GetCPUProperties ] ==================================
0:100  0:000  CPU Vendor = 756E6547 Model=906ED
0:100  0:000   The CPU supported SSE4.1
0:100  0:000  BrandString = Intel(R) Core(TM) i5-9400 CPU @ 2.90GHz
0:100  0:000   The CPU supported turbo
0:100  0:000  MSR 0x35               60006
0:100  0:000   TSC/CCC Information Leaf:
0:100  0:000    numerator     : 242
0:100  0:000    denominator   : 2
0:100  0:000   Calibrated ARTFrequency: 24003489
0:100  0:000   Rounded ARTFrequency: 24000000
0:100  0:000  MSR 0xE2 before patch 1E000000
0:100  0:000  MSR 0xCE              00080838_F1011D00
0:100  0:000  corrected FLEX_RATIO = 0
0:100  0:000  FSBFrequency = 99 MHz, DMI FSBFrequency = 100 MHz, Corrected FSBFrequency = 100 MHz
0:100  0:000  MaxDiv/MinDiv: 29.0/8
0:100  0:000  Turbo: 40/40/40/41
0:100  0:000  Features: 0xBFEBFBFF
0:100  0:000  Threads: 6
0:100  0:000  Cores: 6
0:100  0:000  FSB: 100 MHz
0:100  0:000  CPU: 2871 MHz
0:100  0:000  TSC: 2871 MHz
0:100  0:000  PIS: 100 MHz
0:100  0:000  ExternalClock: 25 MHz
0:100  0:000  === [ GetDevices ] ========================================
0:100  0:000  GOP found at: PciRoot(0x0)/Pci(0x1,0x0)/Pci(0x0,0x0)/AcpiAdr(0x80010100)
0:100  0:000  PCI (00|00:00.00) : 8086 3EC2 class=060000
0:100  0:000  PCI (00|00:01.00) : 8086 1901 class=060400
0:100  0:000  PCI (00|01:00.00) : 1002 67DF class=030000
0:100  0:000   - GOP: Provided by device
0:100  0:000   - GFX: Model=AMD Radeon RX 480 (ATI/AMD)
0:100  0:000  PCI (00|01:00.01) : 1002 AAF0 class=040300
0:100  0:000   - HDMI Audio: 
0:100  0:000  PCI (00|00:02.00) : 8086 3E98 class=038000
0:100  0:000   - GFX: Model=Intel UHD Graphics 630 (Intel)
0:100  0:000  PCI (00|00:08.00) : 8086 1911 class=088000
0:100  0:000  PCI (00|00:12.00) : 8086 A379 class=118000
0:100  0:000  PCI (00|00:14.00) : 8086 A36D class=0C0330
0:100  0:000  PCI (00|00:14.02) : 8086 A36F class=050000
0:100  0:000  PCI (00|00:16.00) : 8086 A360 class=078000
0:100  0:000  PCI (00|00:17.00) : 8086 A352 class=010601
0:100  0:000  PCI (00|00:1B.00) : 8086 A32C class=060400
0:100  0:000  PCI (00|02:00.00) : 14E4 43A0 class=028000
0:100  0:000   - WIFI: Vendor=Broadcom
0:100  0:000  PCI (00|00:1D.00) : 8086 A330 class=060400
0:100  0:000  PCI (00|03:00.00) : 8086 F1A6 class=010802
0:100  0:000  PCI (00|00:1F.00) : 8086 A308 class=060100
0:100  0:000  PCI (00|00:1F.03) : 8086 A348 class=040300
0:100  0:000  PCI (00|00:1F.04) : 8086 A323 class=0C0500
0:101  0:000  PCI (00|00:1F.05) : 8086 A324 class=0C8000
0:101  0:000  PCI (00|00:1F.06) : 8086 15BC class=020000
0:101  0:000   - LAN: 0 Vendor=Intel
0:101  0:000  === [ GetDefaultSettings ] ================================
0:101  0:000  Clover load options size = 0 bytes
0:101  0:000  CheckOEMPathExists tried EFI\CLOVER\OEM\MS-7B23--00-00-00-00-00-00. Dir not exists
0:101  0:000  CheckOEMPathExists tried EFI\CLOVER\OEM\B360M MORTAR (MS-7B23)\UEFI. Dir not exists
0:101  0:000  CheckOEMPathExists tried EFI\CLOVER\OEM\MS-7B23. Dir not exists
0:101  0:000  CheckOEMPathExists tried EFI\CLOVER\OEM\MS-7B23-2871. Dir not exists
0:101  0:000  CheckOEMPathExists tried EFI\CLOVER\OEM\B360M MORTAR (MS-7B23). Dir not exists
0:101  0:000  CheckOEMPathExists tried EFI\CLOVER\OEM\B360M MORTAR (MS-7B23)-2871. Dir not exists
0:101  0:000  set OEMPath by default: EFI\CLOVER
0:103  0:001  EFI\CLOVER\config.plist loaded: Success
0:103  0:000  === [ GetListOfThemes ] ===================================
0:103  0:000  - [00]: DarkMinimal
0:103  0:000  - [01]: Minimal
0:104  0:000  - [02]: embedded
0:104  0:000  === [ Found config plists ] ===============================
0:104  0:000  - config.plist
0:104  0:000  === [ GetEarlyUserSettings ] ==============================
0:104  0:000  timeout set to -1
0:104  0:000  Custom boot CUSTOM_BOOT_DISABLED (0x0)
0:104  0:000  KextsToPatch: 7 requested
0:104  0:000   - [00]: com.apple.iokit.IOUSBHostFamily (USB port limit patch) :: MatchOS: 10.14.x :: BinPatch :: data len: 4
0:104  0:000   - patch disabled at config
0:104  0:000   - [01]: com.apple.iokit.IOUSBHostFamily (USB port limit patch) :: MatchOS: 10.14.x :: BinPatch :: data len: 4
0:104  0:000   - patch disabled at config
0:104  0:000   - [02]: com.apple.driver.usb.AppleUSBXHCI (USB Port limit patch) :: MatchOS: 10.14.x :: BinPatch :: data len: 4
0:104  0:000   - patch disabled at config
0:104  0:000   - [03]: com.apple.driver.usb.AppleUSBXHCI (USB Port limit patch) :: MatchOS: 10.14.x :: BinPatch :: data len: 4
0:104  0:000   - patch disabled at config
0:104  0:000   - [04]: com.apple.iokit.IOUSBHostFamily (USB port limit patch #1 10.15.x modify by DalianSky(credit ydeng)) :: MatchOS: 10.15.x :: BinPatch :: data len: 4
0:104  0:000   - patch disabled at config
0:104  0:000   - [05]: com.apple.driver.usb.AppleUSBXHCI (USB Port limit patch #2 10.15.x modify by DalianSky) :: MatchOS: 10.15.x :: BinPatch :: data len: 4
0:104  0:000   - patch disabled at config
0:104  0:000   - [06]: com.apple.iokit.IOAHCIBlockStorage (Enable TRIM for SSD) :: BinPatch :: data len: 11
0:104  0:000  Default theme: DarkMinimal
0:104  0:000  Hiding entries with string BOOTX64.EFI
0:104  0:000  Hiding entries with string Preboot
0:104  0:000  Hiding entries with string Recovery
0:104  0:000  === [ LoadDrivers ] =======================================
0:105  0:000  Loading FSInject.efi  status=Success
0:106  0:000  Loading HFSPlus.efi  status=Success
0:107  0:000   - driver needs connecting
0:107  0:000  Loading VirtualSmc.efi  status=Success
0:108  0:001  Loading EmuVariableUefi.efi  status=Success
0:109  0:000  EmuVariableUefi Initialize: VariableCommonInitialize = Success, orig services stored, install gEmuVariableControlProtocolGuid = Success
0:109  0:000  Loading ApfsDriverLoader.efi  status=Success
0:110  0:000   - driver needs connecting
0:110  0:000  Loading AptioMemoryFix.efi  status=Success
0:111  0:000  2 drivers needs connecting ...
0:111  0:000  PlatformDriverOverrideProtocol not found. Installing ... Success
0:111  0:000  HFS+ driver loaded
0:111  0:000  APFS driver loaded
0:111  0:000  Searching for invalid DiskIo BY_DRIVER connects: not found, all ok
0:345  0:234  EmuVariable InstallEmulation: orig vars copied, emu.var.services installed, CreateEvent VirtualAddressChange = Success, CreateEvent ExitBootServices = Success, set Status=Success
0:383  0:037  === [ InitScreen ] ========================================
0:383  0:000  Console modes reported: 4, available modes:
0:383  0:000   - [01]: 80x25
0:383  0:000   - [02]: 80x50
0:383  0:000   - [03]: 100x31
0:383  0:000   - [04]: 128x40 (current mode)
0:383  0:000  SetScreenResolution: 1920x1080 - not found!
0:383  0:000  SetMaxResolution: found best mode 5: 2560x1440
0:383  0:000   - already set
0:383  0:000  reinit: self device path=PciRoot(0x0)\Pci(0x1D,0x0)\Pci(0x0,0x0)\NVMe(0x1,00-00-00-00-00-00-00-00)\HD(1,GPT,DBEE3943-51E5-4DD3-A127-5D8FC50477A6,0x800,0x96000)
0:383  0:000  === [ GetMacAddress ] =====================================
0:383  0:000  === [ ScanSPD ] ===========================================
0:383  0:000  Scanning SMBus [8086:A323], mmio: 0x116004, ioport: 0xEFA0, hostc: 0x1
0:402  0:018  Slot: 1 Type 26 8192MB 2132MHz Vendor=Corsair PartNo=CM4X8GF2666C16K2 SerialNo=0000000000000000
0:421  0:018  Slot: 3 Type 26 8192MB 2132MHz Vendor=Corsair PartNo=CM4X8GF2666C16K2 SerialNo=0000000000000000
0:421  0:000  === [ GetAcpiTablesList ] =================================
0:421  0:000  Get Acpi Tables List from RSDT:
0:421  0:000   - [00]: FACP  A M I  len=132
0:421  0:000   - [01]: APIC  A M I  len=160
0:421  0:000   - [02]: FPDT  A M I  len=68
0:421  0:000   - [03]: FIDT  A M I len=156
0:421  0:000   - [04]: MCFG  A M I  len=60
0:421  0:000   - [05]: SSDT  CpuSsdt len=7007
0:421  0:000   - [06]: SSDT  SaSsdt  len=12742
0:421  0:000   - [07]: SSDT  PegSsdt len=9243
0:421  0:000   - [08]: HPET  A M I  len=56
0:421  0:000   - [09]: SSDT  Ther_Rvp len=4014
0:421  0:000   - [10]: SSDT  xh_cfsd4 len=12244
0:421  0:000   - [11]: UEFI  A M I  len=66
0:421  0:000   - [12]: LPIT  A M I  len=148
0:421  0:000   - [13]: SSDT  PtidDevc len=10206
0:421  0:000   - [14]: SSDT  TbtTypeC len=5346
0:421  0:000   - [15]: DBGP  A M I  len=52
0:421  0:000   - [16]: DBG2  A M I  len=84
0:421  0:000   - [17]: SSDT  UsbCTabl len=7015
0:421  0:000   - [18]: SSDT  ADebTabl len=324
0:421  0:000   - [19]: BGRT  A M I  len=56
0:421  0:000   - [20]: WSMT  A M I  len=40
0:421  0:000  Calibrated TSC Frequency = 2904422170 = 2904MHz
0:421  0:000  === [ GetUserSettings ] ===================================
0:421  0:000  Add 1 devices:
0:421  0:000  USB FixOwnership: yes
0:421  0:000   - final DSDT Fix mask=00000000
0:421  0:000  PatchesDSDT: 1 requested
0:421  0:000   - [00]: (Fix MSI B360M Mortal DSDT Device(RTC) bug on BIOS v1.60) lenToFind: 8, lenToReplace: 8, Target Bridge: <null string>
0:421  0:000  Using ProductName from config: iMac19,2
0:421  0:000  Found same BiosVersion in clover and config
0:421  0:000  BiosVersion: IM191.88Z.F000.B00.1910301745
0:421  0:000  BiosReleaseDate: 10/30/2019
0:421  0:000  Using EfiVersion from clover: 1037.60.50.0.0
0:421  0:000  Using FirmwareFeatures from config: 0xFD8FF576
0:421  0:000  Using FirmwareFeaturesMask from config: 0xFFDFFF7F
0:421  0:000  Board-ID set from config as Mac-63001698E7A34814
0:421  0:000  BoardType: 0xA
0:421  0:000  ChassisType: 0x9
0:422  0:000  === [ Found DSDT tables ] =================================
0:422  0:000  - DSDT.aml
0:743  0:321  === [ ScanVolumes ] =======================================
0:743  0:000  Found 12 volumes with blockIO
0:743  0:000  - [00]: Volume: PciRoot(0x0)\Pci(0x17,0x0)\Sata(0x1,0xFFFF,0x0)
0:744  0:000  - [01]: Volume: PciRoot(0x0)\Pci(0x17,0x0)\Sata(0x1,0xFFFF,0x0)\HD(1,GPT,0A7EC8F0-1788-445D-8706-F70C57593CEA,0x28,0x64000)
0:745  0:000          Result of bootcode detection: bootable unknown (legacy)
0:745  0:000  - [02]: Volume: PciRoot(0x0)\Pci(0x17,0x0)\Sata(0x1,0xFFFF,0x0)\HD(2,GPT,A5D0A99B-50D3-4994-8E2E-FFE46F8C78C2,0x64028,0x74662D60)
0:746  0:000  - [03]: Volume: PciRoot(0x0)\Pci(0x1D,0x0)\Pci(0x0,0x0)\NVMe(0x1,00-00-00-00-00-00-00-00)
0:746  0:000  - [04]: Volume: PciRoot(0x0)\Pci(0x1D,0x0)\Pci(0x0,0x0)\NVMe(0x1,00-00-00-00-00-00-00-00)\HD(1,GPT,DBEE3943-51E5-4DD3-A127-5D8FC50477A6,0x800,0x96000)
0:746  0:000          Result of bootcode detection: bootable Windows (vista,win)
0:746  0:000          This is SelfVolume !!
0:746  0:000  - [05]: Volume: PciRoot(0x0)\Pci(0x1D,0x0)\Pci(0x0,0x0)\NVMe(0x1,00-00-00-00-00-00-00-00)\HD(2,GPT,012C7EF2-7714-4398-A674-F2F2880D2428,0x96800,0x1BA00800)
0:747  0:000          Result of bootcode detection: bootable Windows (vista,win)
0:747  0:000  - [06]: Volume: PciRoot(0x0)\Pci(0x1D,0x0)\Pci(0x0,0x0)\NVMe(0x1,00-00-00-00-00-00-00-00)\HD(3,GPT,D9E2BE4C-3D7E-4ED8-A1C6-097D3EBD9EAC,0x1BA97000,0x1FF4A288)
0:747  0:000          Result of bootcode detection: bootable unknown (legacy)
0:747  0:000  - [07]: Volume: PciRoot(0x0)\Pci(0x1D,0x0)\Pci(0x0,0x0)\NVMe(0x1,00-00-00-00-00-00-00-00)\HD(3,GPT,D9E2BE4C-3D7E-4ED8-A1C6-097D3EBD9EAC,0x1BA97000,0x1FF4A288)\VenMedia(BE74FCF7-0B7C-49F3-9147-01F4042E6842,3580893F89CE26449A00B324B3ADD326)
0:747  0:000          hiding this volume
0:747  0:000  - [08]: Volume: PciRoot(0x0)\Pci(0x1D,0x0)\Pci(0x0,0x0)\NVMe(0x1,00-00-00-00-00-00-00-00)\HD(3,GPT,D9E2BE4C-3D7E-4ED8-A1C6-097D3EBD9EAC,0x1BA97000,0x1FF4A288)\VenMedia(BE74FCF7-0B7C-49F3-9147-01F4042E6842,B7195532AE449043ABEE527E638B17B4)
0:747  0:000  - [09]: Volume: PciRoot(0x0)\Pci(0x1D,0x0)\Pci(0x0,0x0)\NVMe(0x1,00-00-00-00-00-00-00-00)\HD(3,GPT,D9E2BE4C-3D7E-4ED8-A1C6-097D3EBD9EAC,0x1BA97000,0x1FF4A288)\VenMedia(BE74FCF7-0B7C-49F3-9147-01F4042E6842,3FB85367E7667D48821693B8954A9114)
0:747  0:000          hiding this volume
0:747  0:000  - [10]: Volume: PciRoot(0x0)\Pci(0x1D,0x0)\Pci(0x0,0x0)\NVMe(0x1,00-00-00-00-00-00-00-00)\HD(3,GPT,D9E2BE4C-3D7E-4ED8-A1C6-097D3EBD9EAC,0x1BA97000,0x1FF4A288)\VenMedia(BE74FCF7-0B7C-49F3-9147-01F4042E6842,18EB36C14DF6434AADDBF7B1ACAF6AD0)
0:747  0:000  - [11]: Volume: PciRoot(0x0)\Pci(0x1D,0x0)\Pci(0x0,0x0)\NVMe(0x1,00-00-00-00-00-00-00-00)\HD(3,GPT,D9E2BE4C-3D7E-4ED8-A1C6-097D3EBD9EAC,0x1BA97000,0x1FF4A288)\VenMedia(BE74FCF7-0B7C-49F3-9147-01F4042E6842,8D69EA5D5FFA1A478839DBF47313633F)
0:748  0:000  PutNvramPlistToRtVars: nvram.plist not found
0:748  0:000  No AudioIoProtocols, status=Not Found
0:748  0:000  === [ InitTheme ] =========================================
0:748  0:000  use daylight theme
0:753  0:004  Using theme 'DarkMinimal' (EFI\CLOVER\themes\DarkMinimal)
0:753  0:000  OS main and drive as badge
0:753  0:000  file sound read: sound.wav Not Found
0:755  0:002  Loading font from ThemeDir: Success
0:755  0:000  theme inited
0:755  0:000  Chosen theme DarkMinimal
0:755  0:000  after NVRAM boot-args=slide=129
0:755  0:000  === [ Dump SMC keys from NVRAM ] ==========================
0:755  0:000  found AppleSMC protocol
0:756  0:000  === [ ScanLoader ] ========================================
0:756  0:000  - [01]: 'EFI'
0:801  0:044  - [02]: 'Time Machine'
0:818  0:017  - [04]: 'EFI'
0:819  0:000          AddLoaderEntry for Volume Name=EFI
0:820  0:000          [!] Icon 19 (icons\vol_internal_ntfs.icns) not found (path: EFI\CLOVER\themes\DarkMinimal)
0:838  0:018          AddLoaderEntry for Volume Name=EFI
0:838  0:000          skipped because entry is hidden
0:838  0:000  - [05]: 'Windows HD'
0:855  0:016  - [07]: 'Preboot', hidden
0:855  0:000  - [08]: 'Hackintosh HD - Data'
0:872  0:017  - [09]: 'Recovery', hidden
0:872  0:000  - [10]: 'VM'
0:889  0:016  - [11]: 'Hackintosh HD'
0:893  0:003          AddLoaderEntry for Volume Name=Hackintosh HD
0:895  0:002      Check if volume Is Hibernated:
0:895  0:000      Check sleep image 'by signature':
0:896  0:000      using default sleep image name = \private\var\vm\sleepimage
0:896  0:000      sleepimage not found -> Not Found
0:896  0:000      hibernated: no - sign
0:896  0:000          [!] Icon 18 (icons\vol_internal_apfs.icns) not found (path: EFI\CLOVER\themes\DarkMinimal)
0:914  0:017  === [ AddCustomTool ] =====================================
0:914  0:000  found tool \EFI\CLOVER\tools\Shell64U.efi
0:914  0:000  Checking EFI partition Volume 1 for Clover
0:915  0:001  Checking EFI partition Volume 4 for Clover
0:916  0:000   Found Clover
0:916  0:000  EmuVariable UninstallEmulation: CloseEvent = Success, original var services restored
0:917  0:000  EmuVariable InstallEmulation: orig vars copied, emu.var.services installed, CreateEvent VirtualAddressChange = Success, CreateEvent ExitBootServices = Success, set Status=Success
0:956  0:039  === [ GetEfiBootDeviceFromNvram ] =========================
0:956  0:000   - found entry 1. 'Boot macOS from Hackintosh HD', Volume 'Hackintosh HD', DevicePath 'PciRoot(0x0)\Pci(0x1D,0x0)\Pci(0x0,0x0)\NVMe(0x1,00-00-00-00-00-00-00-00)\HD(3,GPT,D9E2BE4C-3D7E-4ED8-A1C6-097D3EBD9EAC,0x1BA97000,0x1FF4A288)\VenMedia(BE74FCF7-0B7C-49F3-9147-01F4042E6842,8D69EA5D5FFA1A478839DBF47313633F)\System\Library\CoreServices\boot.efii'
0:956  0:000  EmuVariable UninstallEmulation: CloseEvent = Success, original var services restored
0:956  0:000  DefaultIndex=1 and MainMenu.EntryCount=8
1:526  0:569  GUI ready
6:896  5:369  exit from MainMenu 8
6:896  0:000  ReinitSelfLib after theme change
6:896  0:000  reinit: self device path=PciRoot(0x0)\Pci(0x1D,0x0)\Pci(0x0,0x0)\NVMe(0x1,00-00-00-00-00-00-00-00)\HD(1,GPT,DBEE3943-51E5-4DD3-A127-5D8FC50477A6,0x800,0x96000)
6:897  0:000  === [ ScanVolumes ] =======================================
6:897  0:000  Found 12 volumes with blockIO
6:897  0:000  - [00]: Volume: PciRoot(0x0)\Pci(0x17,0x0)\Sata(0x1,0xFFFF,0x0)
6:897  0:000  - [01]: Volume: PciRoot(0x0)\Pci(0x17,0x0)\Sata(0x1,0xFFFF,0x0)\HD(1,GPT,0A7EC8F0-1788-445D-8706-F70C57593CEA,0x28,0x64000)
6:898  0:000          Result of bootcode detection: bootable unknown (legacy)
6:898  0:000  - [02]: Volume: PciRoot(0x0)\Pci(0x17,0x0)\Sata(0x1,0xFFFF,0x0)\HD(2,GPT,A5D0A99B-50D3-4994-8E2E-FFE46F8C78C2,0x64028,0x74662D60)
6:899  0:000          This is SelfVolume !!
6:899  0:000  - [03]: Volume: PciRoot(0x0)\Pci(0x1D,0x0)\Pci(0x0,0x0)\NVMe(0x1,00-00-00-00-00-00-00-00)
6:899  0:000  - [04]: Volume: PciRoot(0x0)\Pci(0x1D,0x0)\Pci(0x0,0x0)\NVMe(0x1,00-00-00-00-00-00-00-00)\HD(1,GPT,DBEE3943-51E5-4DD3-A127-5D8FC50477A6,0x800,0x96000)
6:899  0:000          Result of bootcode detection: bootable Windows (vista,win)
6:899  0:000          This is SelfVolume !!
6:899  0:000  - [05]: Volume: PciRoot(0x0)\Pci(0x1D,0x0)\Pci(0x0,0x0)\NVMe(0x1,00-00-00-00-00-00-00-00)\HD(2,GPT,012C7EF2-7714-4398-A674-F2F2880D2428,0x96800,0x1BA00800)
6:899  0:000          Result of bootcode detection: bootable Windows (vista,win)
6:899  0:000  - [06]: Volume: PciRoot(0x0)\Pci(0x1D,0x0)\Pci(0x0,0x0)\NVMe(0x1,00-00-00-00-00-00-00-00)\HD(3,GPT,D9E2BE4C-3D7E-4ED8-A1C6-097D3EBD9EAC,0x1BA97000,0x1FF4A288)
6:899  0:000          Result of bootcode detection: bootable unknown (legacy)
6:900  0:000  - [07]: Volume: PciRoot(0x0)\Pci(0x1D,0x0)\Pci(0x0,0x0)\NVMe(0x1,00-00-00-00-00-00-00-00)\HD(3,GPT,D9E2BE4C-3D7E-4ED8-A1C6-097D3EBD9EAC,0x1BA97000,0x1FF4A288)\VenMedia(BE74FCF7-0B7C-49F3-9147-01F4042E6842,3580893F89CE26449A00B324B3ADD326)
6:900  0:000  - [08]: Volume: PciRoot(0x0)\Pci(0x1D,0x0)\Pci(0x0,0x0)\NVMe(0x1,00-00-00-00-00-00-00-00)\HD(3,GPT,D9E2BE4C-3D7E-4ED8-A1C6-097D3EBD9EAC,0x1BA97000,0x1FF4A288)\VenMedia(BE74FCF7-0B7C-49F3-9147-01F4042E6842,B7195532AE449043ABEE527E638B17B4)
6:900  0:000  - [09]: Volume: PciRoot(0x0)\Pci(0x1D,0x0)\Pci(0x0,0x0)\NVMe(0x1,00-00-00-00-00-00-00-00)\HD(3,GPT,D9E2BE4C-3D7E-4ED8-A1C6-097D3EBD9EAC,0x1BA97000,0x1FF4A288)\VenMedia(BE74FCF7-0B7C-49F3-9147-01F4042E6842,3FB85367E7667D48821693B8954A9114)
6:900  0:000  - [10]: Volume: PciRoot(0x0)\Pci(0x1D,0x0)\Pci(0x0,0x0)\NVMe(0x1,00-00-00-00-00-00-00-00)\HD(3,GPT,D9E2BE4C-3D7E-4ED8-A1C6-097D3EBD9EAC,0x1BA97000,0x1FF4A288)\VenMedia(BE74FCF7-0B7C-49F3-9147-01F4042E6842,18EB36C14DF6434AADDBF7B1ACAF6AD0)
6:900  0:000  - [11]: Volume: PciRoot(0x0)\Pci(0x1D,0x0)\Pci(0x0,0x0)\NVMe(0x1,00-00-00-00-00-00-00-00)\HD(3,GPT,D9E2BE4C-3D7E-4ED8-A1C6-097D3EBD9EAC,0x1BA97000,0x1FF4A288)\VenMedia(BE74FCF7-0B7C-49F3-9147-01F4042E6842,8D69EA5D5FFA1A478839DBF47313633F)
6:900  0:000  No AudioIoProtocols, status=Not Found
6:900  0:000  theme inited
6:900  0:000  Chosen theme DarkMinimal
6:900  0:000  after NVRAM boot-args=slide=129
6:900  0:000  === [ ScanLoader ] ========================================
6:900  0:000  - [01]: 'EFI'
6:944  0:043  - [02]: 'Time Machine'
6:961  0:017  - [04]: 'EFI'
6:961  0:000          AddLoaderEntry for Volume Name=EFI
6:979  0:017          AddLoaderEntry for Volume Name=EFI
6:980  0:000          [!] Icon 12 (icons\vol_internal.icns) not found (path: EFI\CLOVER\themes\DarkMinimal)
6:980  0:000  - [05]: 'Windows HD'
6:996  0:016  - [07]: 'Preboot'
6:997  0:000          AddLoaderEntry for Volume Name=Preboot
6:997  0:000      Check if volume Is Hibernated:
6:997  0:000      Check sleep image 'by signature':
6:997  0:000      using default sleep image name = \private\var\vm\sleepimage
6:998  0:000      sleepimage not found -> Not Found
6:998  0:000      hibernated: no - sign
7:015  0:017  - [08]: 'Hackintosh HD - Data'
7:031  0:016  - [09]: 'Recovery'
7:031  0:000          AddLoaderEntry for Volume Name=Recovery
7:033  0:001          [!] Icon 21 (icons\vol_recovery.icns) not found (path: EFI\CLOVER\themes\DarkMinimal)
7:049  0:016  - [10]: 'VM'
7:066  0:016  - [11]: 'Hackintosh HD'
7:066  0:000          AddLoaderEntry for Volume Name=Hackintosh HD
7:067  0:000      Check if volume Is Hibernated:
7:067  0:000      Check sleep image 'by signature':
7:067  0:000      using default sleep image name = \private\var\vm\sleepimage
7:067  0:000      sleepimage not found -> Not Found
7:067  0:000      hibernated: no - sign
7:084  0:017  === [ AddCustomTool ] =====================================
7:084  0:000  found tool \EFI\CLOVER\tools\Shell64U.efi
7:084  0:000  Checking EFI partition Volume 1 for Clover
7:085  0:001  Checking EFI partition Volume 4 for Clover
7:085  0:000   Found Clover
7:085  0:000  EmuVariable UninstallEmulation: CloseEvent = Invalid Parameter, original var services restored
7:085  0:000  EmuVariable InstallEmulation: orig vars copied, emu.var.services installed, CreateEvent VirtualAddressChange = Success, CreateEvent ExitBootServices = Success, set Status=Success
7:127  0:041  === [ GetEfiBootDeviceFromNvram ] =========================
7:127  0:000   - found entry 4. 'Boot macOS from Hackintosh HD', Volume 'Hackintosh HD', DevicePath 'PciRoot(0x0)\Pci(0x1D,0x0)\Pci(0x0,0x0)\NVMe(0x1,00-00-00-00-00-00-00-00)\HD(3,GPT,D9E2BE4C-3D7E-4ED8-A1C6-097D3EBD9EAC,0x1BA97000,0x1FF4A288)\VenMedia(BE74FCF7-0B7C-49F3-9147-01F4042E6842,8D69EA5D5FFA1A478839DBF47313633F)\System\Library\CoreServices\boot.efii'
7:127  0:000  EmuVariable UninstallEmulation: CloseEvent = Success, original var services restored
7:127  0:000  DefaultIndex=4 and MainMenu.EntryCount=11
20:186  13:059  exit from MainMenu 1
20:186  0:000  BootVariable of the entry is empty
20:186  0:000  === [ StartLoader ] =======================================
20:186  0:000  Finally: ExternalClock=26MHz BusSpeed=100153kHz CPUFreq=2904MHz PIS: hw.busfrequency=104000000Hz
20:186  0:000  Loading boot.efi  status=Success
20:347  0:160  GetOSVersion: 10.15.2 (19C57)
20:347  0:000  CSR_CFG: CSR_ALLOW_UNTRUSTED_KEXTS | CSR_ALLOW_UNRESTRICTED_FS | CSR_ALLOW_TASK_FOR_PID | CSR_ALLOW_UNRESTRICTED_DTRACE | CSR_ALLOW_UNRESTRICTED_NVRAM
20:347  0:000  Filtering KextPatches:
20:347  0:000   - [00]: com.apple.iokit.IOUSBHostFamily (USB port limit patch) :: BinPatch :: [OS: 10.15.2 | MatchOS: 10.14.x | MatchBuild: All] ==> disabled by user
20:347  0:000   - [01]: com.apple.iokit.IOUSBHostFamily (USB port limit patch) :: BinPatch :: [OS: 10.15.2 | MatchOS: 10.14.x | MatchBuild: All] ==> disabled by user
20:347  0:000   - [02]: com.apple.driver.usb.AppleUSBXHCI (USB Port limit patch) :: BinPatch :: [OS: 10.15.2 | MatchOS: 10.14.x | MatchBuild: All] ==> disabled by user
20:347  0:000   - [03]: com.apple.driver.usb.AppleUSBXHCI (USB Port limit patch) :: BinPatch :: [OS: 10.15.2 | MatchOS: 10.14.x | MatchBuild: All] ==> disabled by user
20:347  0:000   - [04]: com.apple.iokit.IOUSBHostFamily (USB port limit patch #1 10.15.x modify by DalianSky(credit ydeng)) :: BinPatch :: [OS: 10.15.2 | MatchOS: 10.15.x | MatchBuild: All] ==> disabled by user
20:347  0:000   - [05]: com.apple.driver.usb.AppleUSBXHCI (USB Port limit patch #2 10.15.x modify by DalianSky) :: BinPatch :: [OS: 10.15.2 | MatchOS: 10.15.x | MatchBuild: All] ==> disabled by user
20:347  0:000   - [06]: com.apple.iokit.IOAHCIBlockStorage (Enable TRIM for SSD) :: BinPatch :: [OS: 10.15.2 | MatchOS: All | MatchBuild: All] ==> allowed
20:347  0:000  Will not patch boot.efi
20:347  0:000  EmuVariable InstallEmulation: orig vars copied, emu.var.services installed, CreateEvent VirtualAddressChange = Success, CreateEvent ExitBootServices = Success, set Status=Success
20:389  0:042  === [ PatchSmbios ] =======================================
20:389  0:000  insert table 9 for dev 0:0
20:389  0:000  insert table 9 for dev 0:1
20:389  0:000  insert table 9 for dev 1F:6
20:389  0:000  insert table 9 for dev 0:0
20:389  0:000  Table 11 present, but rewritten for us
20:390  0:001  Trusting SMBIOS...
20:390  0:000  Channels: 2
20:390  0:000  Interleave: 0 2 1 3 4 6 5 7 8 10 9 11 12 14 13 15 16 18 17 19 20 22 21 23
20:390  0:000  SMBIOS Type 17 Index = 0 => 0 0:
20:390  0:000  BANK 0 DIMM0 EMPTY
20:390  0:000  SMBIOS Type 17 Index = 1 => 2 2:
20:390  0:000  BANK 1 DIMM0 EMPTY
20:390  0:000   partNum=CM4X8GF2666C16K2    
20:390  0:000  SMBIOS Type 17 Index = 2 => 1 1:
20:390  0:000  BANK 0 DIMM1 2667MHz 8192MB(Ext:0MB)
20:390  0:000   partNum=CM4X8GF2666C16K2    
20:390  0:000  SMBIOS Type 17 Index = 3 => 3 3:
20:390  0:000  BANK 1 DIMM1 2667MHz 8192MB(Ext:0MB)
20:390  0:000  mTotalSystemMemory = 16384
20:390  0:000  NumberOfMemoryDevices = 4
20:390  0:000  Type20[0]->End = 0x7FFFFF, Type17[2] = 0x2000
20:390  0:000  Type20[1]->End = 0xFFFFFF, Type17[3] = 0x6000
20:390  0:000  Table 131 is present, CPUType=31
20:390  0:000  Change to: 605
20:390  0:000  === [ PatchACPI ] =========================================
20:390  0:000  Xsdt reallocation done
20:390  0:000  old FADT length=114
20:390  0:000   SignatureFixup: 0x9EC2632D -> 0x0
20:391  0:000  DSDT found in Clover volume OEM folder: EFI\CLOVER\ACPI\patched\DSDT.aml
20:391  0:000  Apply DsdtFixMask=0x00000000
20:391  0:000     drop _DSM mask=0xFFFF
20:391  0:000  === [ FixBiosDsdt ] =======================================
20:392  0:000  Patching DSDT:
20:392  0:000   - [Fix MSI B360M Mortal DSDT Device(RTC) bug on BIOS v1.60]: pattern A00A9353, patched at: [ (14B49) ]
20:392  0:000    0 replacements
20:394  0:001  PreCleanup XSDT: count=21, length=204
20:394  0:000  PreCleanup XSDT, corrected XSDT: count=21, length=204
20:394  0:000  === [ ACPIDropTables ] ====================================
20:394  0:000  Patching SSDT CpuSsdt Length=7007
20:394  0:000  0. [Fix MSI B360M Mortal DSDT Device(RTC) bug on BIOS v1.60]: pattern A00A9353, bin not found / already patched!
20:394  0:000    0 replacements
20:394  0:000  Found OperationRegion(PNVS, SystemMemory, 660E9000, ...)
20:394  0:000  Patching SSDT SaSsdt  Length=12742
20:394  0:000  0. [Fix MSI B360M Mortal DSDT Device(RTC) bug on BIOS v1.60]: pattern A00A9353, bin not found / already patched!
20:394  0:000    0 replacements
20:394  0:000  Found OperationRegion(SANV, SystemMemory, 7A41E818, ...)
20:394  0:000  Patching SSDT PegSsdt Length=9243
20:394  0:000  0. [Fix MSI B360M Mortal DSDT Device(RTC) bug on BIOS v1.60]: pattern A00A9353, bin not found / already patched!
20:394  0:000    0 replacements
20:394  0:000  Patching SSDT Ther_Rvp Length=4014
20:394  0:000  0. [Fix MSI B360M Mortal DSDT Device(RTC) bug on BIOS v1.60]: pattern A00A9353, bin not found / already patched!
20:394  0:000    0 replacements
20:394  0:000  Patching SSDT xh_cfsd4 Length=12244
20:394  0:000  0. [Fix MSI B360M Mortal DSDT Device(RTC) bug on BIOS v1.60]: pattern A00A9353, bin not found / already patched!
20:394  0:000    0 replacements
20:394  0:000  Patching SSDT PtidDevc Length=10206
20:394  0:000  0. [Fix MSI B360M Mortal DSDT Device(RTC) bug on BIOS v1.60]: pattern A00A9353, bin not found / already patched!
20:394  0:000    0 replacements
20:394  0:000  Patching SSDT TbtTypeC Length=5346
20:394  0:000  0. [Fix MSI B360M Mortal DSDT Device(RTC) bug on BIOS v1.60]: pattern A00A9353, bin not found / already patched!
20:394  0:000    0 replacements
20:394  0:000  Patching SSDT UsbCTabl Length=7015
20:394  0:000  0. [Fix MSI B360M Mortal DSDT Device(RTC) bug on BIOS v1.60]: pattern A00A9353, bin not found / already patched!
20:394  0:000    0 replacements
20:394  0:000  Patching SSDT ADebTabl Length=324
20:394  0:000  0. [Fix MSI B360M Mortal DSDT Device(RTC) bug on BIOS v1.60]: pattern A00A9353, bin not found / already patched!
20:394  0:000    0 replacements
20:394  0:000  Found OperationRegion(ADHD, SystemMemory, 79B46000, ...)
20:394  0:000  Found OperationRegion(ABLK, SystemMemory, 79B46020, ...)
20:394  0:000  === [ ACPIPatchedAML ] ====================================
20:394  0:000  Unsorted
20:394  0:000  Inserting SSDT-PM.aml from EFI\CLOVER\ACPI\patched: size=198 ... Success
20:394  0:000  Inserting SSDT-EC.aml from EFI\CLOVER\ACPI\patched: size=91 ... Success
20:394  0:000  ApicCPUNum=1
20:394  0:000  Maximum control=0x1D
20:394  0:000  Turbo control=0x29
20:394  0:000  P-States: min 0x8, max 0x29
20:394  0:000  SSDT with plugin-type without P-States is generated
20:394  0:000  Cleanup XSDT: count=24, length=228
20:394  0:000  corrected XSDT count=24, length=228
20:394  0:000  === [ RestSetup macOS ] ===================================
20:394  0:000  EdidDiscovered size=128
20:394  0:000  --- Discovered EDID Table size:128
20:394  0:000  000  |  00  FF  FF  FF  FF  FF  FF  00  04  72
20:394  0:000  010  |  C1  06  65  78  61  94  2E  1D  01  04
20:394  0:000  020  |  B5  3C  22  78  3B  93  25  AD  4F  44
20:394  0:000  030  |  A9  26  0D  50  54  BF  EF  80  71  4F
20:394  0:000  040  |  81  40  81  80  81  C0  81  00  95  00
20:394  0:000  050  |  B3  00  D1  C0  F8  E3  00  A0  A0  A0
20:394  0:000  060  |  32  50  08  20  98  04  55  50  21  00
20:394  0:000  070  |  00  1E  56  5E  00  A0  A0  A0  29  50
20:394  0:000  080  |  30  20  35  00  55  50  21  00  00  1A
20:394  0:000  090  |  00  00  00  FD  00  30  90  DE  DE  3C
20:394  0:000  100  |  01  0A  20  20  20  20  20  20  00  00
20:394  0:000  110  |  00  FC  00  58  56  32  37  32  55  0A
20:394  0:000  120  |  20  20  20  20  20  20  01  E2
20:394  0:000  add device: PciRoot(0x0)/Pci(0x1F,0x3)
20:394  0:000     Add key=layout-id valuelen=4
20:394  0:000     Add key=device-id valuelen=4
20:395  0:000  ATI injection not set
20:395  0:000  Intel GFX injection not set
20:395  0:000   RCBA disabled; cannot use it
20:395  0:000  stringlength = 788
20:395  0:000  CurrentMode: Width=2560 Height=1440
20:395  0:000  Beginning FSInjection
FSInjectionInstall ...
- Our FSI_SIMPLE_FILE_SYSTEM_PROTOCOL installed on handle: 73D4CF18
FSInjectionInstall ...
- Our FSI_SIMPLE_FILE_SYSTEM_PROTOCOL installed on handle: 73D4CF18
20:395  0:000  Use origin smbios table type 1 guid.
20:398  0:002  Preparing kexts injection for arch=x86_64 from EFI\CLOVER\kexts\Other
20:398  0:000  ->Extra kext: EFI\CLOVER\kexts\Other\VirtualSMC.kext (v.1.0.9)
20:405  0:006  ->Extra kext: EFI\CLOVER\kexts\Other\SMCProcessor.kext (v.1.0.9)
20:411  0:005  ->Extra kext: EFI\CLOVER\kexts\Other\USBPorts.kext (v.1.0)
20:413  0:002  ->Extra kext: EFI\CLOVER\kexts\Other\WhateverGreen.kext (v.1.3.6)
20:421  0:007  ->Extra kext: EFI\CLOVER\kexts\Other\SMCSuperIO.kext (v.1.0.9)
20:427  0:005  ->Extra kext: EFI\CLOVER\kexts\Other\IntelMausi.kext (v.1.0.2)
20:432  0:004  ->Extra kext: EFI\CLOVER\kexts\Other\AppleALC.kext (v.1.4.5)
20:909  0:477  ->Extra kext: EFI\CLOVER\kexts\Other\Lilu.kext (v.1.4.1)
20:917  0:007  Preparing kexts injection for arch=x86_64 from EFI\CLOVER\kexts\10
20:917  0:000  Preparing kexts injection for arch=x86_64 from EFI\CLOVER\kexts\10_normal
20:917  0:000  Preparing kexts injection for arch=x86_64 from EFI\CLOVER\kexts\10.15
20:917  0:000  Preparing kexts injection for arch=x86_64 from EFI\CLOVER\kexts\10.15_normal
20:917  0:000  Preparing kexts injection for arch=x86_64 from EFI\CLOVER\kexts\10.15.2
20:917  0:000  Preparing kexts injection for arch=x86_64 from EFI\CLOVER\kexts\10.15.2_normal
20:918  0:001  SetScreenResolution: 2560x1440 - already set
20:918  0:000  Custom boot is disabled
20:919  0:000  Closing log
